<?xml version="1.0" encoding="UTF-8"?>
<testsuite xmlns:xsi="http://www.w3.org/2001/XMLSchema-instance" xsi:noNamespaceSchemaLocation="https://maven.apache.org/surefire/maven-surefire-plugin/xsd/surefire-test-report-3.0.xsd" version="3.0" name="fr.poulpogaz.json.test.BaseTest" time="0.064" tests="1" errors="0" skipped="0" failures="0">
  <properties>
[...]
</properties>
  <testcase name="test" classname="fr.poulpogaz.json.test.BaseTest" time="0.041">
    <system-out><![CDATA[Hello world!
]]></system-out>
  </testcase>
</testsuite>